<?xml version="1.0" encoding="UTF-8"?>
<!-- Generated by org.testng.reporters.JUnitReportReporter -->
<testsuite hostname="DESKTOP-GEMFSJ4" failures="0" tests="1" name="fullProgram.Hole" time="10.801" errors="0" timestamp="2023-04-04T14:46:27 IST" skipped="0">
  <testcase classname="fullProgram.Hole" name="selectionTest" time="10.801"/>
  <system-out/>
</testsuite> <!-- fullProgram.Hole -->
