<?xml version="1.0" encoding="UTF-8"?>
<!-- Generated by org.testng.reporters.JUnitReportReporter -->
<testsuite hostname="DESKTOP-GEMFSJ4" failures="0" tests="1" name="TestRunner.CucumberRunner" time="0.011" errors="0" timestamp="2023-04-05T21:17:01 IST" skipped="0">
  <testcase classname="TestRunner.CucumberRunner" name="data" time="0.011"/>
  <system-out/>
</testsuite> <!-- TestRunner.CucumberRunner -->
