<?xml version="1.0" encoding="UTF-8"?>
<!-- Generated by org.testng.reporters.JUnitReportReporter -->
<testsuite hostname="DESKTOP-GEMFSJ4" failures="0" tests="1" name="fullProgram.fullprogram" time="9.317" errors="0" timestamp="2023-04-09T09:20:19 IST" skipped="0">
  <testcase classname="fullProgram.fullprogram" name="selectionTest" time="9.317"/>
  <system-out/>
</testsuite> <!-- fullProgram.fullprogram -->
