<?xml version="1.0" encoding="UTF-8"?>
<!-- Generated by org.testng.reporters.JUnitReportReporter -->
<testsuite hostname="DESKTOP-GEMFSJ4" failures="0" tests="1" name="fullProgram.fullprogram" time="12.280" errors="0" timestamp="2023-04-07T14:01:49 IST" skipped="0">
  <testcase classname="fullProgram.fullprogram" name="selectionTest" time="12.280"/>
  <system-out/>
</testsuite> <!-- fullProgram.fullprogram -->
